{"email":"pra@m.com","level":"info","message":"Subscription renewed successfully","orderId":"6996bc8b07b6753717992ef1","productId":"gid://shopify/Product/8429049544876","timestamp":"2026-05-14T08:38:03.295Z","type":"success"}
{"email":"testuser@gmail.com","level":"info","message":"Subscription renewed successfully","orderId":"69b7a0acf0d983e107116fd4","productId":"gid://shopify/Product/8429049544876","timestamp":"2026-05-14T08:39:43.493Z","type":"success"}
{"email":"testuser@gmail.com","level":"info","message":"Order created successfully","orderId":"6a058b4ebb55d50e633de7b5","productId":"gid://shopify/Product/8429049544876","timestamp":"2026-05-14T08:44:00.840Z","type":"success"}
{"email":"testuser@gmail.com","level":"info","message":"Order created successfully","orderId":"6a058b93bb55d50e633de7bf","productId":"gid://shopify/Product/8429049544876","timestamp":"2026-05-14T08:45:09.048Z","type":"success"}
{"email":"testuser@gmail.com","level":"info","message":"Order created successfully","orderId":"6a058bdabb55d50e633de7c9","productId":"gid://shopify/Product/8429049544876","timestamp":"2026-05-14T08:46:20.454Z","type":"success"}
{"email":"testuser@gmail.com","level":"info","message":"Subscription renewed successfully","orderId":"69b7a0acf0d983e107116fd4","productId":"gid://shopify/Product/8429049544876","timestamp":"2026-05-14T08:51:43.543Z","type":"success"}
{"email":"testuser@gmail.com","level":"info","message":"Subscription renewed successfully","orderId":"69b7a0acf0d983e107116fd4","productId":"gid://shopify/Product/8429049544876","timestamp":"2026-05-14T08:51:48.204Z","type":"success"}
{"email":"testuser@gmail.com","level":"info","message":"Subscription renewed successfully","orderId":"69b7a0acf0d983e107116fd4","productId":"gid://shopify/Product/8429049544876","timestamp":"2026-05-14T08:51:52.103Z","type":"success"}
{"email":"testuser@gmail.com","level":"info","message":"Subscription renewed successfully","orderId":"69b7a0acf0d983e107116fd4","productId":"gid://shopify/Product/8429049544876","timestamp":"2026-05-14T08:51:56.026Z","type":"success"}
{"email":"testuser@gmail.com","level":"info","message":"Subscription renewed successfully","orderId":"69b7a0acf0d983e107116fd4","productId":"gid://shopify/Product/8429049544876","timestamp":"2026-05-14T08:54:03.458Z","type":"success"}
{"email":"testuser@gmail.com","level":"info","message":"Subscription renewed successfully","orderId":"69b7a0acf0d983e107116fd4","productId":"gid://shopify/Product/8429049544876","timestamp":"2026-05-14T08:54:08.893Z","type":"success"}
{"email":"testuser@gmail.com","level":"info","message":"Subscription renewed successfully","orderId":"69b7a0acf0d983e107116fd4","productId":"gid://shopify/Product/8429049544876","timestamp":"2026-05-14T08:54:13.726Z","type":"success"}
{"email":"testuser@gmail.com","level":"info","message":"Subscription renewed successfully","orderId":"69b7a0acf0d983e107116fd4","productId":"gid://shopify/Product/8429049544876","timestamp":"2026-05-14T08:54:23.022Z","type":"success"}
{"email":"testuser@gmail.com","level":"info","message":"Subscription renewed successfully","orderId":"69b7a0acf0d983e107116fd4","productId":"gid://shopify/Product/8429049544876","timestamp":"2026-05-14T09:01:03.447Z","type":"success"}
{"email":"testuser@gmail.com","level":"info","message":"Subscription renewed successfully","orderId":"69b7a0acf0d983e107116fd4","productId":"gid://shopify/Product/8429049544876","timestamp":"2026-05-14T09:01:10.090Z","type":"success"}
{"email":"testuser@gmail.com","level":"info","message":"Subscription renewed successfully","orderId":"69b7a0acf0d983e107116fd4","productId":"gid://shopify/Product/8429049544876","timestamp":"2026-05-14T09:01:14.289Z","type":"success"}
{"email":"testuser@gmail.com","level":"info","message":"Subscription renewed successfully","orderId":"69b7a0acf0d983e107116fd4","productId":"gid://shopify/Product/8429049544876","timestamp":"2026-05-14T09:01:33.024Z","type":"success"}
{"email":"testuser@gmail.com","level":"info","message":"Subscription renewed successfully","orderId":"6a058b4ebb55d50e633de7b5","productId":"gid://shopify/Product/8429049544876","timestamp":"2026-05-14T09:11:33.314Z","type":"success"}
{"email":"testuser@gmail.com","level":"info","message":"Subscription renewed successfully","orderId":"6a058b93bb55d50e633de7bf","productId":"gid://shopify/Product/8429049544876","timestamp":"2026-05-14T09:11:38.132Z","type":"success"}
{"email":"testuser@gmail.com","level":"info","message":"Subscription renewed successfully","orderId":"6a058bdabb55d50e633de7c9","productId":"gid://shopify/Product/8429049544876","timestamp":"2026-05-14T09:11:42.262Z","type":"success"}
{"email":"bishow@gmail.com","level":"info","message":"Order created successfully","orderId":"6a05921240218ea3dc5936e6","productId":"gid://shopify/Product/8429049544876","timestamp":"2026-05-14T09:12:52.352Z","type":"success"}
{"email":"rohit@gmail.com","level":"info","message":"Order created successfully","orderId":"6a05923640218ea3dc5936ea","productId":"gid://shopify/Product/8429049544876","timestamp":"2026-05-14T09:13:28.004Z","type":"success"}
{"email":"guru@gmail.com","level":"info","message":"Order created successfully","orderId":"6a05925840218ea3dc5936ef","productId":"gid://shopify/Product/8429049544876","timestamp":"2026-05-14T09:14:02.303Z","type":"success"}
{"email":"kailash@gmail.com","level":"info","message":"Order created successfully","orderId":"6a05928840218ea3dc5936f3","productId":"gid://shopify/Product/8429049544876","timestamp":"2026-05-14T09:14:50.563Z","type":"success"}
{"email":"anoj@gmail.com","level":"info","message":"Subscription renewed successfully","orderId":"6a058bdabb55d50e633de7c9","productId":"gid://shopify/Product/8429049544876","timestamp":"2026-05-14T09:17:33.380Z","type":"success"}
{"email":"bishow@gmail.com","level":"info","message":"Subscription renewed successfully","orderId":"6a05921240218ea3dc5936e6","productId":"gid://shopify/Product/8429049544876","timestamp":"2026-05-14T09:17:38.338Z","type":"success"}
{"email":"rohit@gmail.com","level":"info","message":"Subscription renewed successfully","orderId":"6a05923640218ea3dc5936ea","productId":"gid://shopify/Product/8429049544876","timestamp":"2026-05-14T09:17:42.385Z","type":"success"}
{"email":"guru@gmail.com","level":"info","message":"Subscription renewed successfully","orderId":"6a05925840218ea3dc5936ef","productId":"gid://shopify/Product/8429049544876","timestamp":"2026-05-14T09:17:46.374Z","type":"success"}
{"email":"kailash@gmail.com","level":"info","message":"Subscription renewed successfully","orderId":"6a05928840218ea3dc5936f3","productId":"gid://shopify/Product/8429049544876","timestamp":"2026-05-14T09:18:33.372Z","type":"success"}
