{"email":"testuser@gmail.com","level":"info","message":"Order created successfully","orderId":"6a2a46a4aa479b2326af473f","productId":"gid://shopify/Product/8442746437829","timestamp":"2026-06-11T05:24:52.256Z","type":"success"}
{"email":"testuser123@gmail.com","level":"info","message":"Order created successfully","orderId":"6a2a48c6704e3d0f8fefed5f","productId":"gid://shopify/Product/8442746437829","timestamp":"2026-06-11T05:33:58.895Z","type":"success"}
{"email":"testuser123@gmail.com","level":"info","message":"Order created successfully","orderId":"6a2a49210203b594f3d29109","productId":"gid://shopify/Product/8442746437829","timestamp":"2026-06-11T05:35:29.469Z","type":"success"}
{"email":"testuser123@gmail.com","level":"info","message":"Order created","orderId":"6a2a66d2962c5474350062b4","productId":"gid://shopify/Product/8442746437829","timestamp":"2026-06-11T07:42:10.542Z","type":"success"}
{"email":"testuser123@gmail.com","level":"info","message":"Order created","orderId":"6a2a6753962c5474350062bf","productId":"gid://shopify/Product/8442746437829","timestamp":"2026-06-11T07:44:19.961Z","type":"success"}
{"email":"testuser123@gmail.com","level":"info","message":"Order created","orderId":"6a2a67a9962c5474350062c5","productId":"gid://shopify/Product/8442746437829","timestamp":"2026-06-11T07:45:45.494Z","type":"success"}
{"email":"testuser123@gmail.com","level":"info","message":"Order created","orderId":"6a2a68140b2034be8b267766","productId":"gid://shopify/Product/8442746437829","timestamp":"2026-06-11T07:47:32.625Z","type":"success"}
{"email":"testuser123@gmail.com","level":"info","message":"Order created","orderId":"6a2a6b5d1affd6a8294ed3d9","productId":"gid://shopify/Product/8442746437829","timestamp":"2026-06-11T08:01:36.254Z","type":"success"}
{"email":"testuser123@gmail.com","level":"info","message":"Order created","orderId":"6a2a70d4cfe059f0ced03fdc","productId":"gid://shopify/Product/8518918963372","timestamp":"2026-06-11T08:24:55.536Z","type":"success"}
{"email":"testuser123@gmail.com","level":"info","message":"Order created","orderId":"6a2a7106cfe059f0ced03fe5","productId":"gid://shopify/Product/8518918963372","timestamp":"2026-06-11T08:25:44.883Z","type":"success"}
{"email":"testuser123@gmail.com","level":"info","message":"Order created","orderId":"6a2a7125cfe059f0ced03fee","productId":"gid://shopify/Product/8518918963372","timestamp":"2026-06-11T08:26:15.582Z","type":"success"}
{"email":"testuser123@gmail.com","level":"info","message":"Order created","orderId":"6a2a718fcfe059f0ced03ff7","productId":"gid://shopify/Product/8518918963372","timestamp":"2026-06-11T08:28:02.162Z","type":"success"}
{"email":"testuser123@gmail.com","level":"info","message":"Order created","orderId":"6a2a71cccfe059f0ced04000","productId":"gid://shopify/Product/8518918963372","timestamp":"2026-06-11T08:29:03.315Z","type":"success"}
{"email":"testuser123@gmail.com","level":"info","message":"Order created","orderId":"6a2a72ad821a0aaf33e4e2c5","productId":"gid://shopify/Product/8518918963372","timestamp":"2026-06-11T08:32:48.371Z","type":"success"}
{"email":"testuser123@gmail.com","level":"info","message":"Order created","orderId":"6a2a749f216868c1e5a06272","productId":"gid://shopify/Product/8518918963372","timestamp":"2026-06-11T08:41:03.039Z","type":"success"}
{"email":"rohan123@gmail.com","level":"info","message":"Order created","orderId":"6a2a7742c93245a0b069c507","productId":"gid://shopify/Product/8518918963372","timestamp":"2026-06-11T08:52:18.823Z","type":"success"}
{"email":"rohan123@gmail.com","level":"info","message":"Order created","orderId":"6a2a779fc93245a0b069c514","productId":"gid://shopify/Product/8518918963372","timestamp":"2026-06-11T08:53:51.260Z","type":"success"}
{"email":"rohan123@gmail.com","level":"info","message":"Order created","orderId":"6a2a77b3c93245a0b069c51d","productId":"gid://shopify/Product/8518918963372","timestamp":"2026-06-11T08:54:11.511Z","type":"success"}
{"email":"rohan123@gmail.com","level":"info","message":"Order created","orderId":"6a2a77c1c93245a0b069c526","productId":"gid://shopify/Product/8518918963372","timestamp":"2026-06-11T08:54:25.258Z","type":"success"}
{"email":"rohan123@gmail.com","level":"info","message":"Order created","orderId":"6a2a77e2c93245a0b069c534","productId":"gid://shopify/Product/8518918963372","timestamp":"2026-06-11T08:54:58.807Z","type":"success"}
{"email":"rohan123@gmail.com","level":"info","message":"Order created","orderId":"6a2a77f7c93245a0b069c53d","productId":"gid://shopify/Product/8518918963372","timestamp":"2026-06-11T08:55:19.565Z","type":"success"}
{"email":"anoj123@gmail.com","level":"info","message":"Order created","orderId":"6a2a7fcba963dca671dfe5f1","productId":"gid://shopify/Product/8518918963372","timestamp":"2026-06-11T09:28:46.383Z","type":"success"}
{"email":"rohan1231@gmail.com","level":"info","message":"Order created","orderId":"6a2a801754b6687b08e26dd6","productId":"gid://shopify/Product/8518918963372","timestamp":"2026-06-11T09:29:59.726Z","type":"success"}
{"email":"kailash1231@gmail.com","level":"info","message":"Order created","orderId":"6a2a804c54b6687b08e26ddf","productId":"gid://shopify/Product/8518918963372","timestamp":"2026-06-11T09:30:52.873Z","type":"success"}
{"email":"rohit12321@gmail.com","level":"info","message":"Order created","orderId":"6a2a806454b6687b08e26de8","productId":"gid://shopify/Product/8518918963372","timestamp":"2026-06-11T09:31:16.517Z","type":"success"}
{"email":"naresh@gmail.com","level":"info","message":"Order created","orderId":"6a2a808b54b6687b08e26df3","productId":"gid://shopify/Product/8518918963372","timestamp":"2026-06-11T09:31:55.281Z","type":"success"}
{"email":"naresh@gmail.com","level":"info","message":"Order created","orderId":"6a2a82861572784a42f439a0","productId":"gid://shopify/Product/8518918963372","timestamp":"2026-06-11T09:40:24.588Z","type":"success"}
